{"/home/hiroshi/code/others/vitest/test/coverage-test/fixtures/src/Vue/Defined.vue": {"path":"/home/hiroshi/code/others/vitest/test/coverage-test/fixtures/src/Vue/Defined.vue","all":false,"statementMap":{"0":{"start":{"line":1,"column":0},"end":{"line":1,"column":24}},"1":{"start":{"line":2,"column":0},"end":{"line":2,"column":23}},"4":{"start":{"line":5,"column":0},"end":{"line":5,"column":14}},"5":{"start":{"line":6,"column":0},"end":{"line":6,"column":34}},"6":{"start":{"line":7,"column":0},"end":{"line":7,"column":1}},"7":{"start":{"line":8,"column":0},"end":{"line":8,"column":6}},"8":{"start":{"line":9,"column":0},"end":{"line":9,"column":36}},"9":{"start":{"line":10,"column":0},"end":{"line":10,"column":1}},"13":{"start":{"line":14,"column":0},"end":{"line":14,"column":15}}},"s":{"0":3,"1":1,"4":1,"5":1,"6":0,"7":0,"8":0,"9":0,"13":1},"branchMap":{"0":{"type":"branch","line":1,"loc":{"start":{"line":1,"column":0},"end":{"line":1,"column":24}},"locations":[{"start":{"line":1,"column":0},"end":{"line":1,"column":24}}]},"1":{"type":"branch","line":7,"loc":{"start":{"line":7,"column":0},"end":{"line":10,"column":1}},"locations":[{"start":{"line":7,"column":0},"end":{"line":10,"column":1}}]}},"b":{"0":[3],"1":[0]},"fnMap":{"0":{"name":"__vite_ssr_identity__","decl":{"start":{"line":1,"column":0},"end":{"line":1,"column":24}},"loc":{"start":{"line":1,"column":0},"end":{"line":1,"column":24}},"line":1}},"f":{"0":3}}
,"/home/hiroshi/code/others/vitest/test/coverage-test/fixtures/src/Vue/Hello.vue": {"path":"/home/hiroshi/code/others/vitest/test/coverage-test/fixtures/src/Vue/Hello.vue","all":false,"statementMap":{"0":{"start":{"line":1,"column":0},"end":{"line":1,"column":24}},"1":{"start":{"line":2,"column":0},"end":{"line":2,"column":35}},"3":{"start":{"line":4,"column":0},"end":{"line":4,"column":46}},"5":{"start":{"line":6,"column":0},"end":{"line":6,"column":20}},"6":{"start":{"line":7,"column":0},"end":{"line":7,"column":56}},"8":{"start":{"line":9,"column":0},"end":{"line":9,"column":19}},"12":{"start":{"line":13,"column":0},"end":{"line":13,"column":53}},"13":{"start":{"line":14,"column":0},"end":{"line":14,"column":30}},"15":{"start":{"line":16,"column":0},"end":{"line":16,"column":11}}},"s":{"0":28,"1":1,"3":1,"5":1,"6":1,"8":1,"12":1,"13":1,"15":1},"branchMap":{"0":{"type":"branch","line":1,"loc":{"start":{"line":1,"column":0},"end":{"line":1,"column":24}},"locations":[{"start":{"line":1,"column":0},"end":{"line":1,"column":24}}]},"1":{"type":"branch","line":7,"loc":{"start":{"line":7,"column":24},"end":{"line":7,"column":55}},"locations":[{"start":{"line":7,"column":24},"end":{"line":7,"column":55}}]}},"b":{"0":[28],"1":[3]},"fnMap":{"0":{"name":"__vite_ssr_identity__","decl":{"start":{"line":1,"column":0},"end":{"line":1,"column":24}},"loc":{"start":{"line":1,"column":0},"end":{"line":1,"column":24}},"line":1}},"f":{"0":28}}
,"/home/hiroshi/code/others/vitest/test/coverage-test/fixtures/src/Vue/Counter/Counter.component.ts": {"path":"/home/hiroshi/code/others/vitest/test/coverage-test/fixtures/src/Vue/Counter/Counter.component.ts","all":false,"statementMap":{"0":{"start":{"line":1,"column":0},"end":{"line":1,"column":42}},"2":{"start":{"line":3,"column":0},"end":{"line":3,"column":32}},"3":{"start":{"line":4,"column":0},"end":{"line":4,"column":18}},"5":{"start":{"line":6,"column":0},"end":{"line":6,"column":11}},"6":{"start":{"line":7,"column":0},"end":{"line":7,"column":24}},"7":{"start":{"line":8,"column":0},"end":{"line":8,"column":20}},"8":{"start":{"line":9,"column":0},"end":{"line":9,"column":4}},"10":{"start":{"line":11,"column":0},"end":{"line":11,"column":12}},"11":{"start":{"line":12,"column":0},"end":{"line":12,"column":23}},"12":{"start":{"line":13,"column":0},"end":{"line":13,"column":46}},"13":{"start":{"line":14,"column":0},"end":{"line":14,"column":6}},"15":{"start":{"line":16,"column":0},"end":{"line":16,"column":21}},"16":{"start":{"line":17,"column":0},"end":{"line":17,"column":42}},"17":{"start":{"line":18,"column":0},"end":{"line":18,"column":6}},"19":{"start":{"line":20,"column":0},"end":{"line":20,"column":38}},"20":{"start":{"line":21,"column":0},"end":{"line":21,"column":94}},"21":{"start":{"line":22,"column":0},"end":{"line":22,"column":6}},"22":{"start":{"line":23,"column":0},"end":{"line":23,"column":4}},"23":{"start":{"line":24,"column":0},"end":{"line":24,"column":2}}},"s":{"0":1,"2":1,"3":1,"5":1,"6":1,"7":1,"8":1,"10":1,"11":1,"12":0,"13":0,"15":1,"16":2,"17":2,"19":1,"20":0,"21":0,"22":1,"23":1},"branchMap":{"0":{"type":"branch","line":1,"loc":{"start":{"line":1,"column":0},"end":{"line":1,"column":37}},"locations":[{"start":{"line":1,"column":0},"end":{"line":1,"column":37}}]},"1":{"type":"branch","line":6,"loc":{"start":{"line":6,"column":2},"end":{"line":9,"column":4}},"locations":[{"start":{"line":6,"column":2},"end":{"line":9,"column":4}}]},"2":{"type":"branch","line":16,"loc":{"start":{"line":16,"column":4},"end":{"line":18,"column":6}},"locations":[{"start":{"line":16,"column":4},"end":{"line":18,"column":6}}]}},"b":{"0":[2],"1":[1],"2":[2]},"fnMap":{"0":{"name":"__vite_ssr_identity__","decl":{"start":{"line":1,"column":0},"end":{"line":1,"column":37}},"loc":{"start":{"line":1,"column":0},"end":{"line":1,"column":37}},"line":1},"1":{"name":"setup","decl":{"start":{"line":6,"column":2},"end":{"line":9,"column":4}},"loc":{"start":{"line":6,"column":2},"end":{"line":9,"column":4}},"line":6},"2":{"name":"uncoveredMethod","decl":{"start":{"line":12,"column":4},"end":{"line":14,"column":6}},"loc":{"start":{"line":12,"column":4},"end":{"line":14,"column":6}},"line":12},"3":{"name":"coveredMethod","decl":{"start":{"line":16,"column":4},"end":{"line":18,"column":6}},"loc":{"start":{"line":16,"column":4},"end":{"line":18,"column":6}},"line":16},"4":{"name":"uncoveredMethodUsingImportMeta","decl":{"start":{"line":20,"column":4},"end":{"line":22,"column":6}},"loc":{"start":{"line":20,"column":4},"end":{"line":22,"column":6}},"line":20}},"f":{"0":2,"1":1,"2":0,"3":2,"4":0}}
,"/home/hiroshi/code/others/vitest/test/coverage-test/fixtures/src/Vue/Counter/Counter.vue": {"path":"/home/hiroshi/code/others/vitest/test/coverage-test/fixtures/src/Vue/Counter/Counter.vue","all":false,"statementMap":{"0":{"start":{"line":1,"column":0},"end":{"line":1,"column":56}},"3":{"start":{"line":4,"column":0},"end":{"line":4,"column":27}},"4":{"start":{"line":5,"column":0},"end":{"line":5,"column":15}},"5":{"start":{"line":6,"column":0},"end":{"line":6,"column":11}},"7":{"start":{"line":8,"column":0},"end":{"line":8,"column":25}},"9":{"start":{"line":10,"column":0},"end":{"line":10,"column":8}}},"s":{"0":18,"3":1,"4":1,"5":1,"7":1,"9":1},"branchMap":{"0":{"type":"branch","line":1,"loc":{"start":{"line":1,"column":0},"end":{"line":1,"column":56}},"locations":[{"start":{"line":1,"column":0},"end":{"line":1,"column":56}}]},"1":{"type":"branch","line":8,"loc":{"start":{"line":8,"column":18},"end":{"line":8,"column":25}},"locations":[{"start":{"line":8,"column":18},"end":{"line":8,"column":25}}]},"2":{"type":"branch","line":8,"loc":{"start":{"line":8,"column":18},"end":{"line":8,"column":25}},"locations":[{"start":{"line":8,"column":18},"end":{"line":8,"column":25}}]}},"b":{"0":[18],"1":[1],"2":[1]},"fnMap":{"0":{"name":"__vite_ssr_identity__","decl":{"start":{"line":1,"column":0},"end":{"line":1,"column":56}},"loc":{"start":{"line":1,"column":0},"end":{"line":1,"column":56}},"line":1},"1":{"name":"__vite_ssr_identity__.onClick._cache.<computed>._cache.<computed>","decl":{"start":{"line":8,"column":18},"end":{"line":8,"column":25}},"loc":{"start":{"line":8,"column":18},"end":{"line":8,"column":25}},"line":8}},"f":{"0":18,"1":1}}
,"/home/hiroshi/code/others/vitest/test/coverage-test/fixtures/src/Vue/Counter/index.ts": {"path":"/home/hiroshi/code/others/vitest/test/coverage-test/fixtures/src/Vue/Counter/index.ts","all":false,"statementMap":{"0":{"start":{"line":1,"column":0},"end":{"line":1,"column":38}}},"s":{"0":1},"branchMap":{},"b":{},"fnMap":{},"f":{}}
}
